{
  "0 debug pnpm:scope": {
    "selected": 1
  },
  "1 error pnpm": {
    "errno": 1,
    "code": "ELIFECYCLE",
    "pkgid": "@example/minimal@0.0.1",
    "stage": "dev",
    "script": "astro dev",
    "pkgname": "@example/minimal",
    "err": {
      "name": "pnpm",
      "message": "@example/minimal@0.0.1 dev: `astro dev`\nExit status 1",
      "code": "ELIFECYCLE",
      "stack": "pnpm: @example/minimal@0.0.1 dev: `astro dev`\nExit status 1\n    at EventEmitter.<anonymous> (/Users/jutanium/.nvm/versions/node/v16.13.0/pnpm-global/5/node_modules/.pnpm/pnpm@7.3.0/node_modules/pnpm/dist/pnpm.cjs:108415:20)\n    at EventEmitter.emit (node:events:390:28)\n    at ChildProcess.<anonymous> (/Users/jutanium/.nvm/versions/node/v16.13.0/pnpm-global/5/node_modules/.pnpm/pnpm@7.3.0/node_modules/pnpm/dist/pnpm.cjs:94981:18)\n    at ChildProcess.emit (node:events:390:28)\n    at maybeClose (node:internal/child_process:1064:16)\n    at Process.ChildProcess._handle.onexit (node:internal/child_process:301:5)"
    }
  },
  "2 warn pnpm:global": " Local package.json exists, but node_modules missing, did you mean to install?"
}